{"D:\\Purwadhika\\Web Developer\\JCWD0110-Fundamental\\day-14\\functions\\day-1.js": {"path":"D:\\Purwadhika\\Web Developer\\JCWD0110-Fundamental\\day-14\\functions\\day-1.js","statementMap":{"0":{"start":{"line":2,"column":2},"end":{"line":5,"column":4}},"1":{"start":{"line":9,"column":2},"end":{"line":13,"column":4}},"2":{"start":{"line":17,"column":2},"end":{"line":22,"column":4}},"3":{"start":{"line":19,"column":14},"end":{"line":19,"column":25}},"4":{"start":{"line":20,"column":6},"end":{"line":20,"column":15}},"5":{"start":{"line":26,"column":2},"end":{"line":35,"column":4}},"6":{"start":{"line":28,"column":16},"end":{"line":28,"column":18}},"7":{"start":{"line":29,"column":18},"end":{"line":29,"column":33}},"8":{"start":{"line":30,"column":18},"end":{"line":30,"column":34}},"9":{"start":{"line":31,"column":21},"end":{"line":31,"column":44}},"10":{"start":{"line":32,"column":21},"end":{"line":32,"column":61}},"11":{"start":{"line":33,"column":6},"end":{"line":33,"column":40}},"12":{"start":{"line":39,"column":2},"end":{"line":47,"column":4}},"13":{"start":{"line":41,"column":19},"end":{"line":41,"column":48}},"14":{"start":{"line":42,"column":27},"end":{"line":42,"column":44}},"15":{"start":{"line":43,"column":20},"end":{"line":43,"column":58}},"16":{"start":{"line":44,"column":28},"end":{"line":44,"column":54}},"17":{"start":{"line":45,"column":6},"end":{"line":45,"column":67}},"18":{"start":{"line":50,"column":0},"end":{"line":56,"column":2}}},"fnMap":{"0":{"name":"formulaRectangle","decl":{"start":{"line":1,"column":9},"end":{"line":1,"column":25}},"loc":{"start":{"line":1,"column":41},"end":{"line":6,"column":1}},"line":1},"1":{"name":"formulaCircle","decl":{"start":{"line":8,"column":9},"end":{"line":8,"column":22}},"loc":{"start":{"line":8,"column":26},"end":{"line":14,"column":1}},"line":8},"2":{"name":"angleTriangle","decl":{"start":{"line":16,"column":9},"end":{"line":16,"column":22}},"loc":{"start":{"line":16,"column":29},"end":{"line":23,"column":1}},"line":16},"3":{"name":"(anonymous_3)","decl":{"start":{"line":18,"column":4},"end":{"line":18,"column":5}},"loc":{"start":{"line":18,"column":16},"end":{"line":21,"column":5}},"line":18},"4":{"name":"differenceDates","decl":{"start":{"line":25,"column":9},"end":{"line":25,"column":24}},"loc":{"start":{"line":25,"column":40},"end":{"line":36,"column":1}},"line":25},"5":{"name":"(anonymous_5)","decl":{"start":{"line":27,"column":4},"end":{"line":27,"column":5}},"loc":{"start":{"line":27,"column":15},"end":{"line":34,"column":5}},"line":27},"6":{"name":"convertToDays","decl":{"start":{"line":38,"column":9},"end":{"line":38,"column":22}},"loc":{"start":{"line":38,"column":54},"end":{"line":48,"column":1}},"line":38},"7":{"name":"(anonymous_7)","decl":{"start":{"line":40,"column":4},"end":{"line":40,"column":5}},"loc":{"start":{"line":40,"column":20},"end":{"line":46,"column":5}},"line":40}},"branchMap":{},"s":{"0":1,"1":1,"2":1,"3":1,"4":1,"5":1,"6":1,"7":1,"8":1,"9":1,"10":1,"11":1,"12":1,"13":1,"14":1,"15":1,"16":1,"17":1,"18":1},"f":{"0":1,"1":1,"2":1,"3":1,"4":1,"5":1,"6":1,"7":1},"b":{},"_coverageSchema":"1a1c01bbd47fc00a2c39e90264f33305004495a9","hash":"05ce8ed8bb191a7cb044116fdd363a591a64f9a1"}
,"D:\\Purwadhika\\Web Developer\\JCWD0110-Fundamental\\day-14\\functions\\day-13.js": {"path":"D:\\Purwadhika\\Web Developer\\JCWD0110-Fundamental\\day-14\\functions\\day-13.js","statementMap":{"0":{"start":{"line":2,"column":2},"end":{"line":9,"column":5}},"1":{"start":{"line":3,"column":18},"end":{"line":3,"column":23}},"2":{"start":{"line":4,"column":4},"end":{"line":8,"column":5}},"3":{"start":{"line":5,"column":6},"end":{"line":5,"column":22}},"4":{"start":{"line":7,"column":6},"end":{"line":7,"column":25}},"5":{"start":{"line":12,"column":0},"end":{"line":15,"column":46}},"6":{"start":{"line":13,"column":17},"end":{"line":13,"column":33}},"7":{"start":{"line":14,"column":18},"end":{"line":14,"column":34}},"8":{"start":{"line":15,"column":17},"end":{"line":15,"column":44}},"9":{"start":{"line":18,"column":2},"end":{"line":25,"column":5}},"10":{"start":{"line":19,"column":18},"end":{"line":19,"column":23}},"11":{"start":{"line":20,"column":4},"end":{"line":24,"column":5}},"12":{"start":{"line":21,"column":6},"end":{"line":21,"column":22}},"13":{"start":{"line":23,"column":6},"end":{"line":23,"column":25}},"14":{"start":{"line":29,"column":2},"end":{"line":34,"column":3}},"15":{"start":{"line":30,"column":17},"end":{"line":30,"column":36}},"16":{"start":{"line":31,"column":4},"end":{"line":31,"column":18}},"17":{"start":{"line":33,"column":4},"end":{"line":33,"column":17}},"18":{"start":{"line":37,"column":0},"end":{"line":37,"column":58}}},"fnMap":{"0":{"name":"tryPromise","decl":{"start":{"line":1,"column":9},"end":{"line":1,"column":19}},"loc":{"start":{"line":1,"column":22},"end":{"line":10,"column":1}},"line":1},"1":{"name":"(anonymous_1)","decl":{"start":{"line":2,"column":21},"end":{"line":2,"column":22}},"loc":{"start":{"line":2,"column":42},"end":{"line":9,"column":3}},"line":2},"2":{"name":"(anonymous_2)","decl":{"start":{"line":13,"column":8},"end":{"line":13,"column":9}},"loc":{"start":{"line":13,"column":17},"end":{"line":13,"column":33}},"line":13},"3":{"name":"(anonymous_3)","decl":{"start":{"line":14,"column":9},"end":{"line":14,"column":10}},"loc":{"start":{"line":14,"column":18},"end":{"line":14,"column":34}},"line":14},"4":{"name":"(anonymous_4)","decl":{"start":{"line":15,"column":11},"end":{"line":15,"column":12}},"loc":{"start":{"line":15,"column":17},"end":{"line":15,"column":44}},"line":15},"5":{"name":"tryPromise2","decl":{"start":{"line":17,"column":9},"end":{"line":17,"column":20}},"loc":{"start":{"line":17,"column":23},"end":{"line":26,"column":1}},"line":17},"6":{"name":"(anonymous_6)","decl":{"start":{"line":18,"column":21},"end":{"line":18,"column":22}},"loc":{"start":{"line":18,"column":42},"end":{"line":25,"column":3}},"line":18},"7":{"name":"tryAndCatch","decl":{"start":{"line":28,"column":15},"end":{"line":28,"column":26}},"loc":{"start":{"line":28,"column":29},"end":{"line":35,"column":1}},"line":28}},"branchMap":{"0":{"loc":{"start":{"line":4,"column":4},"end":{"line":8,"column":5}},"type":"if","locations":[{"start":{"line":4,"column":4},"end":{"line":8,"column":5}},{"start":{"line":6,"column":11},"end":{"line":8,"column":5}}],"line":4},"1":{"loc":{"start":{"line":20,"column":4},"end":{"line":24,"column":5}},"type":"if","locations":[{"start":{"line":20,"column":4},"end":{"line":24,"column":5}},{"start":{"line":22,"column":11},"end":{"line":24,"column":5}}],"line":20}},"s":{"0":2,"1":2,"2":2,"3":0,"4":2,"5":1,"6":1,"7":0,"8":1,"9":1,"10":1,"11":1,"12":0,"13":1,"14":1,"15":1,"16":1,"17":0,"18":1},"f":{"0":2,"1":2,"2":1,"3":0,"4":1,"5":1,"6":1,"7":1},"b":{"0":[0,2],"1":[0,1]},"_coverageSchema":"1a1c01bbd47fc00a2c39e90264f33305004495a9","hash":"5ad4597d44cee16abe6a9600bc765aa0f970c7b1"}
,"D:\\Purwadhika\\Web Developer\\JCWD0110-Fundamental\\day-14\\functions\\day-2.js": {"path":"D:\\Purwadhika\\Web Developer\\JCWD0110-Fundamental\\day-14\\functions\\day-2.js","statementMap":{"0":{"start":{"line":1,"column":19},"end":{"line":10,"column":1}},"1":{"start":{"line":2,"column":12},"end":{"line":2,"column":14}},"2":{"start":{"line":3,"column":2},"end":{"line":9,"column":3}},"3":{"start":{"line":3,"column":15},"end":{"line":3,"column":16}},"4":{"start":{"line":4,"column":4},"end":{"line":8,"column":5}},"5":{"start":{"line":5,"column":6},"end":{"line":5,"column":27}},"6":{"start":{"line":7,"column":6},"end":{"line":7,"column":26}},"7":{"start":{"line":12,"column":17},"end":{"line":22,"column":1}},"8":{"start":{"line":13,"column":10},"end":{"line":13,"column":11}},"9":{"start":{"line":14,"column":12},"end":{"line":14,"column":14}},"10":{"start":{"line":15,"column":2},"end":{"line":20,"column":3}},"11":{"start":{"line":16,"column":4},"end":{"line":18,"column":5}},"12":{"start":{"line":17,"column":6},"end":{"line":17,"column":18}},"13":{"start":{"line":19,"column":4},"end":{"line":19,"column":8}},"14":{"start":{"line":21,"column":2},"end":{"line":21,"column":13}},"15":{"start":{"line":25,"column":15},"end":{"line":25,"column":16}},"16":{"start":{"line":26,"column":2},"end":{"line":28,"column":3}},"17":{"start":{"line":26,"column":15},"end":{"line":26,"column":16}},"18":{"start":{"line":27,"column":4},"end":{"line":27,"column":16}},"19":{"start":{"line":29,"column":2},"end":{"line":29,"column":16}},"20":{"start":{"line":32,"column":18},"end":{"line":48,"column":1}},"21":{"start":{"line":33,"column":2},"end":{"line":47,"column":4}},"22":{"start":{"line":35,"column":14},"end":{"line":35,"column":15}},"23":{"start":{"line":36,"column":14},"end":{"line":36,"column":15}},"24":{"start":{"line":37,"column":14},"end":{"line":37,"column":15}},"25":{"start":{"line":38,"column":16},"end":{"line":38,"column":18}},"26":{"start":{"line":39,"column":6},"end":{"line":44,"column":7}},"27":{"start":{"line":39,"column":19},"end":{"line":39,"column":20}},"28":{"start":{"line":40,"column":8},"end":{"line":40,"column":20}},"29":{"start":{"line":41,"column":8},"end":{"line":41,"column":18}},"30":{"start":{"line":42,"column":8},"end":{"line":42,"column":14}},"31":{"start":{"line":43,"column":8},"end":{"line":43,"column":14}},"32":{"start":{"line":45,"column":6},"end":{"line":45,"column":17}},"33":{"start":{"line":50,"column":0},"end":{"line":50,"column":64}}},"fnMap":{"0":{"name":"(anonymous_0)","decl":{"start":{"line":1,"column":19},"end":{"line":1,"column":20}},"loc":{"start":{"line":1,"column":31},"end":{"line":10,"column":1}},"line":1},"1":{"name":"(anonymous_1)","decl":{"start":{"line":12,"column":17},"end":{"line":12,"column":18}},"loc":{"start":{"line":12,"column":29},"end":{"line":22,"column":1}},"line":12},"2":{"name":"factorial","decl":{"start":{"line":24,"column":9},"end":{"line":24,"column":18}},"loc":{"start":{"line":24,"column":27},"end":{"line":30,"column":1}},"line":24},"3":{"name":"(anonymous_3)","decl":{"start":{"line":32,"column":18},"end":{"line":32,"column":19}},"loc":{"start":{"line":32,"column":30},"end":{"line":48,"column":1}},"line":32},"4":{"name":"(anonymous_4)","decl":{"start":{"line":34,"column":4},"end":{"line":34,"column":5}},"loc":{"start":{"line":34,"column":15},"end":{"line":46,"column":5}},"line":34}},"branchMap":{"0":{"loc":{"start":{"line":4,"column":4},"end":{"line":8,"column":5}},"type":"if","locations":[{"start":{"line":4,"column":4},"end":{"line":8,"column":5}},{"start":{"line":6,"column":11},"end":{"line":8,"column":5}}],"line":4},"1":{"loc":{"start":{"line":16,"column":4},"end":{"line":18,"column":5}},"type":"if","locations":[{"start":{"line":16,"column":4},"end":{"line":18,"column":5}},{"start":{},"end":{}}],"line":16}},"s":{"0":1,"1":1,"2":1,"3":1,"4":1,"5":1,"6":0,"7":1,"8":1,"9":1,"10":1,"11":5,"12":3,"13":5,"14":1,"15":1,"16":1,"17":1,"18":5,"19":1,"20":1,"21":1,"22":1,"23":1,"24":1,"25":1,"26":1,"27":1,"28":5,"29":5,"30":5,"31":5,"32":1,"33":1},"f":{"0":1,"1":1,"2":1,"3":1,"4":1},"b":{"0":[1,0],"1":[3,2]},"_coverageSchema":"1a1c01bbd47fc00a2c39e90264f33305004495a9","hash":"f15422480707ec88f469d3a951ab7f43690cdd39"}
,"D:\\Purwadhika\\Web Developer\\JCWD0110-Fundamental\\day-14\\functions\\sum.js": {"path":"D:\\Purwadhika\\Web Developer\\JCWD0110-Fundamental\\day-14\\functions\\sum.js","statementMap":{"0":{"start":{"line":2,"column":2},"end":{"line":2,"column":15}},"1":{"start":{"line":6,"column":2},"end":{"line":6,"column":15}},"2":{"start":{"line":10,"column":2},"end":{"line":10,"column":17}},"3":{"start":{"line":13,"column":0},"end":{"line":17,"column":2}}},"fnMap":{"0":{"name":"sum","decl":{"start":{"line":1,"column":9},"end":{"line":1,"column":12}},"loc":{"start":{"line":1,"column":19},"end":{"line":3,"column":1}},"line":1},"1":{"name":"substr","decl":{"start":{"line":5,"column":9},"end":{"line":5,"column":15}},"loc":{"start":{"line":5,"column":22},"end":{"line":7,"column":1}},"line":5},"2":{"name":"greet","decl":{"start":{"line":9,"column":9},"end":{"line":9,"column":14}},"loc":{"start":{"line":9,"column":17},"end":{"line":11,"column":1}},"line":9}},"branchMap":{},"s":{"0":1,"1":1,"2":1,"3":1},"f":{"0":1,"1":1,"2":1},"b":{},"_coverageSchema":"1a1c01bbd47fc00a2c39e90264f33305004495a9","hash":"fe5e11975d2876952ebe545385c3ec0bb4a9d169"}
}
