TN:
SF:functions\day-1.js
FN:1,formulaRectangle
FN:8,formulaCircle
FN:16,angleTriangle
FN:18,(anonymous_3)
FN:25,differenceDates
FN:27,(anonymous_5)
FNF:6
FNH:6
FNDA:1,formulaRectangle
FNDA:1,formulaCircle
FNDA:1,angleTriangle
FNDA:1,(anonymous_3)
FNDA:1,differenceDates
FNDA:1,(anonymous_5)
DA:2,1
DA:9,1
DA:17,1
DA:19,1
DA:20,1
DA:26,1
DA:28,1
DA:29,1
DA:30,1
DA:31,1
DA:32,1
DA:33,1
DA:38,1
LF:13
LH:13
BRF:0
BRH:0
end_of_record
TN:
SF:functions\sum.js
FN:1,sum
FN:5,substr
FN:9,greet
FNF:3
FNH:3
FNDA:1,sum
FNDA:1,substr
FNDA:1,greet
DA:2,1
DA:6,1
DA:10,1
DA:13,1
LF:4
LH:4
BRF:0
BRH:0
end_of_record
