TN:
SF:functions\day-1.js
FN:1,formulaRectangle
FN:8,formulaCircle
FN:16,angleTriangle
FN:18,(anonymous_3)
FN:25,differenceDates
FN:27,(anonymous_5)
FN:38,convertToDays
FN:40,(anonymous_7)
FNF:8
FNH:8
FNDA:1,formulaRectangle
FNDA:1,formulaCircle
FNDA:1,angleTriangle
FNDA:1,(anonymous_3)
FNDA:1,differenceDates
FNDA:1,(anonymous_5)
FNDA:1,convertToDays
FNDA:1,(anonymous_7)
DA:2,1
DA:9,1
DA:17,1
DA:19,1
DA:20,1
DA:26,1
DA:28,1
DA:29,1
DA:30,1
DA:31,1
DA:32,1
DA:33,1
DA:39,1
DA:41,1
DA:42,1
DA:43,1
DA:44,1
DA:45,1
DA:50,1
LF:19
LH:19
BRF:0
BRH:0
end_of_record
TN:
SF:functions\day-2.js
FN:1,evenNumber
FNF:1
FNH:1
FNDA:1,evenNumber
DA:2,1
DA:3,1
DA:4,5
DA:5,3
DA:8,1
DA:11,1
LF:6
LH:6
BRDA:4,0,0,3
BRDA:4,0,1,2
BRF:2
BRH:2
end_of_record
TN:
SF:functions\sum.js
FN:1,sum
FN:5,substr
FN:9,greet
FNF:3
FNH:3
FNDA:1,sum
FNDA:1,substr
FNDA:1,greet
DA:2,1
DA:6,1
DA:10,1
DA:13,1
LF:4
LH:4
BRF:0
BRH:0
end_of_record
